platforms/android/app/build/outputs/logs/manifest-merger-release-report.txt
-- Merging decision tree log ---
provider#android.support.v4.content.FileProvider
INJECTED from src\main\AndroidManifest.xml:14:9-16:20
	android:grantUriPermissions
		ADDED from src\main\AndroidManifest.xml:14:92-126
	android:authorities
		INJECTED from src\main\AndroidManifest.xml
		ADDED from src\main\AndroidManifest.xml:14:19-66
	android:exported
		ADDED from src\main\AndroidManifest.xml:14:67-91
	android:name
		ADDED from src\main\AndroidManifest.xml:14:127-181
manifest
ADDED from src\main\AndroidManifest.xml:2:1-33:12
INJECTED from src\main\AndroidManifest.xml:2:1-33:12
INJECTED from src\main\AndroidManifest.xml:2:1-33:12
INJECTED from src\main\AndroidManifest.xml:2:1-33:12
MERGED from [com.android.support:support-v4:24.1.1] AndroidManifest.xml:17:1-27:12
MERGED from [:CordovaLib] AndroidManifest.xml:20:1-25:12
INJECTED from src\main\AndroidManifest.xml:2:1-33:12
INJECTED from src\main\AndroidManifest.xml:2:1-33:12
INJECTED from src\main\AndroidManifest.xml:2:1-33:12
	package
		ADDED from src\main\AndroidManifest.xml:4:96-127
		INJECTED from src\main\AndroidManifest.xml
		INJECTED from src\main\AndroidManifest.xml
	android:versionName
		ADDED from src\main\AndroidManifest.xml:4:68-95
		INJECTED from src\main\AndroidManifest.xml
		INJECTED from src\main\AndroidManifest.xml
	xmlns:tools
		ADDED from src\main\AndroidManifest.xml:3:5-51
	android:hardwareAccelerated
		ADDED from src\main\AndroidManifest.xml:4:5-39
	xmlns:android
		ADDED from src\main\AndroidManifest.xml:4:128-186
	android:versionCode
		ADDED from src\main\AndroidManifest.xml:4:40-67
		INJECTED from src\main\AndroidManifest.xml
		INJECTED from src\main\AndroidManifest.xml
supports-screens
ADDED from src\main\AndroidManifest.xml:5:5-191
	android:largeScreens
		ADDED from src\main\AndroidManifest.xml:5:49-76
	android:smallScreens
		ADDED from src\main\AndroidManifest.xml:5:132-159
	android:normalScreens
		ADDED from src\main\AndroidManifest.xml:5:77-105
	android:xlargeScreens
		ADDED from src\main\AndroidManifest.xml:5:160-188
	android:resizeable
		ADDED from src\main\AndroidManifest.xml:5:106-131
	android:anyDensity
		ADDED from src\main\AndroidManifest.xml:5:23-48
application
ADDED from src\main\AndroidManifest.xml:7:5-17:19
MERGED from [com.android.support:support-v4:24.1.1] AndroidManifest.xml:25:5-20
MERGED from [com.android.support:support-v4:24.1.1] AndroidManifest.xml:25:5-20
	android:supportsRtl
		ADDED from src\main\AndroidManifest.xml:7:114-140
	android:label
		ADDED from src\main\AndroidManifest.xml:7:81-113
	android:hardwareAccelerated
		ADDED from src\main\AndroidManifest.xml:7:18-52
	android:icon
		ADDED from src\main\AndroidManifest.xml:7:53-80
activity#com.larva440.outerjam.MainActivity
ADDED from src\main\AndroidManifest.xml:8:9-13:20
	android:label
		ADDED from src\main\AndroidManifest.xml:8:97-134
	android:launchMode
		ADDED from src\main\AndroidManifest.xml:8:135-165
	android:windowSoftInputMode
		ADDED from src\main\AndroidManifest.xml:8:257-299
	android:configChanges
		ADDED from src\main\AndroidManifest.xml:8:19-96
	android:theme
		ADDED from src\main\AndroidManifest.xml:8:194-256
	android:name
		ADDED from src\main\AndroidManifest.xml:8:166-193
intent-filter#action:name:android.intent.action.MAIN+category:name:android.intent.category.LAUNCHER
ADDED from src\main\AndroidManifest.xml:9:13-12:29
	android:label
		ADDED from src\main\AndroidManifest.xml:9:28-65
action#android.intent.action.MAIN
ADDED from src\main\AndroidManifest.xml:10:17-69
	android:name
		ADDED from src\main\AndroidManifest.xml:10:25-66
category#android.intent.category.LAUNCHER
ADDED from src\main\AndroidManifest.xml:11:17-77
	android:name
		ADDED from src\main\AndroidManifest.xml:11:27-74
uses-sdk
ADDED from src\main\AndroidManifest.xml:18:5-47
INJECTED from src\main\AndroidManifest.xml:18:5-47
MERGED from [com.android.support:support-v4:24.1.1] AndroidManifest.xml:21:5-23:54
MERGED from [com.android.support:support-v4:24.1.1] AndroidManifest.xml:21:5-23:54
INJECTED from src\main\AndroidManifest.xml:18:5-47
	tools:overrideLibrary
		ADDED from [com.android.support:support-v4:24.1.1] AndroidManifest.xml:23:9-51
	android:targetSdkVersion
		ADDED from src\main\AndroidManifest.xml:18:15-44
	android:minSdkVersion
		INJECTED from src\main\AndroidManifest.xml
		ADDED from src\main\AndroidManifest.xml:18:5-47
		INJECTED from src\main\AndroidManifest.xml
uses-permission#android.permission.WRITE_EXTERNAL_STORAGE
ADDED from src\main\AndroidManifest.xml:28:5-101
	tools:node
		ADDED from src\main\AndroidManifest.xml:28:79-98
	android:name
		ADDED from src\main\AndroidManifest.xml:28:22-78
uses-permission#android.permission.READ_EXTERNAL_STORAGE
ADDED from src\main\AndroidManifest.xml:29:5-100
	tools:node
		ADDED from src\main\AndroidManifest.xml:29:78-97
	android:name
		ADDED from src\main\AndroidManifest.xml:29:22-77
uses-permission#android.permission.READ_PHONE_STATE
ADDED from src\main\AndroidManifest.xml:30:5-32:10
	tools:node
		ADDED from src\main\AndroidManifest.xml:31:61-80
	android:name
		ADDED from src\main\AndroidManifest.xml:31:9-59
meta-data#android.support.FILE_PROVIDER_PATHS
ADDED from src\main\AndroidManifest.xml:15:13-116
	android:resource
		ADDED from src\main\AndroidManifest.xml:15:75-113
	android:name
		ADDED from src\main\AndroidManifest.xml:15:24-74